mode: set
backend-trainee-assignment-winter-2025/internal/service/info.go:16.36,18.2 1 1
backend-trainee-assignment-winter-2025/internal/service/info.go:24.41,29.27 4 1
backend-trainee-assignment-winter-2025/internal/service/info.go:29.27,30.72 1 1
backend-trainee-assignment-winter-2025/internal/service/info.go:30.72,32.4 1 0
backend-trainee-assignment-winter-2025/internal/service/info.go:35.2,35.28 1 1
backend-trainee-assignment-winter-2025/internal/service/info.go:35.28,36.81 1 1
backend-trainee-assignment-winter-2025/internal/service/info.go:36.81,38.4 1 0
backend-trainee-assignment-winter-2025/internal/service/info.go:40.2,40.40 1 1
backend-trainee-assignment-winter-2025/internal/service/info.go:43.98,45.34 2 1
backend-trainee-assignment-winter-2025/internal/service/info.go:45.34,50.3 1 1
backend-trainee-assignment-winter-2025/internal/service/info.go:52.2,52.29 1 1
backend-trainee-assignment-winter-2025/internal/service/info.go:75.114,84.35 4 1
backend-trainee-assignment-winter-2025/internal/service/info.go:84.35,85.29 1 1
backend-trainee-assignment-winter-2025/internal/service/info.go:85.29,92.4 1 1
backend-trainee-assignment-winter-2025/internal/service/info.go:92.9,99.4 1 1
backend-trainee-assignment-winter-2025/internal/service/info.go:102.2,102.28 1 1
backend-trainee-assignment-winter-2025/internal/service/inventory.go:18.74,20.2 1 1
backend-trainee-assignment-winter-2025/internal/service/inventory.go:22.61,23.34 1 1
backend-trainee-assignment-winter-2025/internal/service/inventory.go:23.34,25.3 1 0
backend-trainee-assignment-winter-2025/internal/service/inventory.go:26.2,26.13 1 1
backend-trainee-assignment-winter-2025/internal/service/inventory.go:29.102,30.29 1 1
backend-trainee-assignment-winter-2025/internal/service/inventory.go:30.29,33.3 2 0
backend-trainee-assignment-winter-2025/internal/service/inventory.go:38.2,38.102 1 1
backend-trainee-assignment-winter-2025/internal/service/inventory.go:38.102,39.45 1 1
backend-trainee-assignment-winter-2025/internal/service/inventory.go:39.45,41.4 1 0
backend-trainee-assignment-winter-2025/internal/service/inventory.go:42.3,42.13 1 1
backend-trainee-assignment-winter-2025/internal/service/inventory.go:44.2,44.12 1 1
backend-trainee-assignment-winter-2025/internal/service/inventory.go:49.3,52.77 3 1
backend-trainee-assignment-winter-2025/internal/service/inventory.go:52.77,55.3 2 0
backend-trainee-assignment-winter-2025/internal/service/inventory.go:57.2,57.27 1 1
backend-trainee-assignment-winter-2025/internal/service/inventory.go:57.27,59.3 1 1
backend-trainee-assignment-winter-2025/internal/service/inventory.go:60.2,60.25 1 1
backend-trainee-assignment-winter-2025/internal/service/service.go:61.54,68.2 1 0
backend-trainee-assignment-winter-2025/internal/service/transaction.go:19.102,21.2 1 1
backend-trainee-assignment-winter-2025/internal/service/transaction.go:25.9,26.40 1 1
backend-trainee-assignment-winter-2025/internal/service/transaction.go:26.40,28.3 1 1
backend-trainee-assignment-winter-2025/internal/service/transaction.go:29.2,34.89 2 1
backend-trainee-assignment-winter-2025/internal/service/transaction.go:34.89,36.45 2 1
backend-trainee-assignment-winter-2025/internal/service/transaction.go:36.45,38.4 1 1
backend-trainee-assignment-winter-2025/internal/service/transaction.go:39.3,39.13 1 0
backend-trainee-assignment-winter-2025/internal/service/transaction.go:41.2,41.12 1 1
backend-trainee-assignment-winter-2025/internal/service/transaction.go:46.33,49.80 3 1
backend-trainee-assignment-winter-2025/internal/service/transaction.go:49.80,52.3 2 0
backend-trainee-assignment-winter-2025/internal/service/transaction.go:54.2,54.28 1 1
backend-trainee-assignment-winter-2025/internal/service/transaction.go:54.28,56.3 1 1
backend-trainee-assignment-winter-2025/internal/service/transaction.go:57.2,57.26 1 1
backend-trainee-assignment-winter-2025/internal/service/user.go:20.54,22.2 1 1
backend-trainee-assignment-winter-2025/internal/service/user.go:24.100,31.40 6 1
backend-trainee-assignment-winter-2025/internal/service/user.go:31.40,33.3 1 1
backend-trainee-assignment-winter-2025/internal/service/user.go:34.2,34.16 1 1
backend-trainee-assignment-winter-2025/internal/service/user.go:34.16,35.61 1 1
backend-trainee-assignment-winter-2025/internal/service/user.go:35.61,37.4 1 0
backend-trainee-assignment-winter-2025/internal/service/user.go:38.3,38.26 1 1
backend-trainee-assignment-winter-2025/internal/service/user.go:41.2,41.64 1 1
backend-trainee-assignment-winter-2025/internal/service/user.go:41.64,43.3 1 0
backend-trainee-assignment-winter-2025/internal/service/user.go:44.2,44.25 1 1
backend-trainee-assignment-winter-2025/internal/service/user.go:47.102,51.16 4 1
backend-trainee-assignment-winter-2025/internal/service/user.go:51.16,54.3 2 1
backend-trainee-assignment-winter-2025/internal/service/user.go:55.2,55.20 1 1
backend-trainee-assignment-winter-2025/internal/service/user.go:58.104,63.16 5 1
backend-trainee-assignment-winter-2025/internal/service/user.go:63.16,65.3 1 0
backend-trainee-assignment-winter-2025/internal/service/user.go:66.2,72.16 4 1
backend-trainee-assignment-winter-2025/internal/service/user.go:72.16,73.48 1 0
backend-trainee-assignment-winter-2025/internal/service/user.go:73.48,75.4 1 0
backend-trainee-assignment-winter-2025/internal/service/user.go:76.3,77.33 2 0
backend-trainee-assignment-winter-2025/internal/service/user.go:80.2,80.60 1 1
backend-trainee-assignment-winter-2025/internal/service/user.go:80.60,82.3 1 0
backend-trainee-assignment-winter-2025/internal/service/user.go:83.2,83.25 1 1
backend-trainee-assignment-winter-2025/internal/service/user.go:86.108,90.16 4 1
backend-trainee-assignment-winter-2025/internal/service/user.go:90.16,93.3 2 1
backend-trainee-assignment-winter-2025/internal/service/user.go:95.2,95.77 1 1
backend-trainee-assignment-winter-2025/internal/service/user.go:95.77,98.3 2 1
backend-trainee-assignment-winter-2025/internal/service/user.go:100.2,100.20 1 1
